Created:        2023-10-04 22:01:36
uuid:           9cc6960b-6331-11ee-9f39-e4434b2381fc
op:             create_slivers

----------------------------------
9d4145da-6331-11ee-9f39-e4434b2381fc: experiment has no appropriate aggregates.
Server returned early for async mode
Resolve returned 0 from urn:publicid:IDN+wisc.cloudlab.us+authority+cm
We got a manifest from resolve at urn:publicid:IDN+wisc.cloudlab.us+authority+cm
Successfully pushed the manifest to Cloudlab Wisconsin
WaitForSliver urn:publicid:IDN+wisc.cloudlab.us+authority+cm : 22:02:18:389462: code:0
WaitForSliver urn:publicid:IDN+wisc.cloudlab.us+authority+cm : 22:02:35:089385: code:0
WaitForSliver urn:publicid:IDN+wisc.cloudlab.us+authority+cm : 22:02:51:821049: code:0
WaitForSliver urn:publicid:IDN+wisc.cloudlab.us+authority+cm : 22:03:08:516536: code:0
WaitForSliver urn:publicid:IDN+wisc.cloudlab.us+authority+cm : 22:03:25:224175: code:0
WaitForSliver urn:publicid:IDN+wisc.cloudlab.us+authority+cm : 22:03:41:972774: code:0
Frisbee progress: utc:1696478617, emulab-ops/UBUNTU20-64-STD:10:1823MB
WaitForSliver urn:publicid:IDN+wisc.cloudlab.us+authority+cm : 22:03:58:725328: code:0
WaitForSliver urn:publicid:IDN+wisc.cloudlab.us+authority+cm : 22:04:15:404115: code:0
WaitForSliver urn:publicid:IDN+wisc.cloudlab.us+authority+cm : 22:04:32:100637: code:0
WaitForSliver urn:publicid:IDN+wisc.cloudlab.us+authority+cm : 22:04:48:800620: code:0
WaitForSliver urn:publicid:IDN+wisc.cloudlab.us+authority+cm : 22:05:05:534769: code:0
WaitForSliver urn:publicid:IDN+wisc.cloudlab.us+authority+cm : 22:05:22:328816: code:0
WaitForSliver urn:publicid:IDN+wisc.cloudlab.us+authority+cm : 22:05:39:075264: code:0
WaitForSliver urn:publicid:IDN+wisc.cloudlab.us+authority+cm : 22:05:55:813166: code:0
WaitForSliver urn:publicid:IDN+wisc.cloudlab.us+authority+cm : 22:06:12:579316: code:0
WaitForSliver urn:publicid:IDN+wisc.cloudlab.us+authority+cm : 22:06:29:389385: code:0
WaitForSliver urn:publicid:IDN+wisc.cloudlab.us+authority+cm : 22:06:46:119778: code:0
WaitForSliver urn:publicid:IDN+wisc.cloudlab.us+authority+cm : 22:07:02:907054: code:0
WaitForSliver urn:publicid:IDN+wisc.cloudlab.us+authority+cm : 22:07:19:629079: code:0
WaitForSliver urn:publicid:IDN+wisc.cloudlab.us+authority+cm : 22:07:36:303740: code:0
WaitForSliver urn:publicid:IDN+wisc.cloudlab.us+authority+cm : 22:07:53:041908: code:0
WaitForSliver urn:publicid:IDN+wisc.cloudlab.us+authority+cm : 22:08:09:787356: code:0
WaitForSlivers: urn:publicid:IDN+wisc.cloudlab.us+authority+cm: code:0
$VAR1 = {
          'node0' => {
                       'sliver_urn' => 'urn:publicid:IDN+wisc.cloudlab.us+sliver+786583',
                       'uuid' => '9cc6960b-6331-11ee-9f39-e4434b2381fc',
                       'aggregate_urn' => 'urn:publicid:IDN+wisc.cloudlab.us+authority+cm',
                       'client_id' => 'node0',
                       'resource_id' => 'c220g5-110515',
                       'name' => 'dev',
                       'frisbee_data' => undef,
                       'sliver_data' => {
                                          'status' => 'ready',
                                          'state' => 'started',
                                          'error' => '',
                                          'client_id' => 'node0',
                                          'component_urn' => 'c220g5-110515',
                                          'recovery' => '0',
                                          'utc' => '1696478872',
                                          'rawstate' => 'ISUP',
                                          'nodestatus' => 'up'
                                        },
                       'timestamp' => 1696478872,
                       'modified' => '2023-10-04 22:08:09'
                     }
        };
https://www.wisc.cloudlab.us/showslicepub.php?publicid=f19aca14095c190f7992298a7944d53a6bd8ae27

<rspec xmlns:xsi="http://www.w3.org/2001/XMLSchema-instance" xmlns:jacks="http://www.protogeni.net/resources/rspec/ext/jacks/1" xmlns:client="http://www.protogeni.net/resources/rspec/ext/client/1" xmlns:emulab="http://www.protogeni.net/resources/rspec/ext/emulab/1" xmlns="http://www.geni.net/resources/rspec/3" xsi:schemaLocation="http://www.geni.net/resources/rspec/3 http://www.geni.net/resources/rspec/3/manifest.xsd" type="manifest" expires="2023-10-05T20:00:00Z">
  <rspec_tour xmlns="http://www.protogeni.net/resources/rspec/ext/apt-tour/1">
    <description type="markdown">Variable number of nodes in a lan. You have the option of picking from one
of several standard images we provide, or just use the default (typically a recent
version of Ubuntu). You may also optionally pick the specific hardware type for
all the nodes in the lan. </description>
    <instructions type="markdown">Wait for the experiment to start, and then log into one or more of the nodes
by clicking on them in the toplogy, and choosing the `shell` menu option.
Use `sudo` to run root commands. 
</instructions>
  </rspec_tour>
  <node xmlns:emulab="http://www.protogeni.net/resources/rspec/ext/emulab/1" client_id="node0" exclusive="true" component_manager_id="urn:publicid:IDN+wisc.cloudlab.us+authority+cm" component_id="urn:publicid:IDN+wisc.cloudlab.us+node+c220g5-110515" sliver_id="urn:publicid:IDN+wisc.cloudlab.us+sliver+786583">
    <sliver_type name="raw-pc">
      <disk_image name="urn:publicid:IDN+emulab.net+image+emulab-ops//UBUNTU20-64-STD"/>
    </sliver_type>
    <hardware_type name="c220g5"/>
  <emulab:vnode name="c220g5-110515" hardware_type="c220g5"/><host name="node0.dev.multitier-cache-PG0.wisc.cloudlab.us" ipv4="128.105.144.121"/><services><login authentication="ssh-keys" hostname="c220g5-110515.wisc.cloudlab.us" port="22" username="pbhandar"/><emulab:console server="boss.wisc.cloudlab.us"/><emulab:recovery available="true"/><emulab:powercycle available="true"/><emulab:imageable available="true"/></services></node>
  <data_set xmlns="http://www.protogeni.net/resources/rspec/ext/profile-parameters/1">
    <data_item name="emulab.net.parameter.linkSpeed">0</data_item>
    <data_item name="emulab.net.parameter.tempFileSystemSize">0</data_item>
    <data_item name="emulab.net.parameter.useVMs">False</data_item>
    <data_item name="emulab.net.parameter.tempFileSystemMax">False</data_item>
    <data_item name="emulab.net.parameter.tempFileSystemMount">/mydata</data_item>
    <data_item name="emulab.net.parameter.bestEffort">False</data_item>
    <data_item name="emulab.net.parameter.phystype">c220g5</data_item>
    <data_item name="emulab.net.parameter.sameSwitch">False</data_item>
    <data_item name="emulab.net.parameter.osImage">urn:publicid:IDN+emulab.net+image+emulab-ops//UBUNTU20-64-STD</data_item>
    <data_item name="emulab.net.parameter.nodeCount">1</data_item>
    <data_item name="emulab.net.parameter.startVNC">False</data_item>
  </data_set>
<emulab:portal name="cloudlab" url="https://www.cloudlab.us/status.php?uuid=9cc6960b-6331-11ee-9f39-e4434b2381fc" project="multitier-cache" experiment="dev" sequence="1696477527"/><rs:site_info xmlns:rs="http://www.protogeni.net/resources/rspec/ext/site-info/1"><rs:location country="US" latitude="43.0667" longitude="89.4000"/></rs:site_info></rspec>

-----------------------------------------------------------
